<?xml version="1.0" encoding="UTF-8"?>
<testsuite xmlns:xsi="http://www.w3.org/2001/XMLSchema-instance" xsi:noNamespaceSchemaLocation="https://maven.apache.org/surefire/maven-surefire-plugin/xsd/surefire-test-report.xsd" version="3.0.2" name="com.resume.backend.BackendApplicationTests" time="3.86" tests="1" errors="0" skipped="0" failures="0" flakes="0">
  <properties>
[...]
</properties>
  <testcase name="contextLoads" classname="com.resume.backend.BackendApplicationTests" time="0.818">
    <system-out><![CDATA[18:10:07.521 [main] INFO org.springframework.test.context.support.AnnotationConfigContextLoaderUtils -- Could not detect default configuration classes for test class [com.resume.backend.BackendApplicationTests]: BackendApplicationTests does not declare any static, non-private, non-final, nested classes annotated with @Configuration.
18:10:07.794 [main] INFO org.springframework.boot.test.context.SpringBootTestContextBootstrapper -- Found @SpringBootConfiguration com.resume.backend.BackendApplication for test class com.resume.backend.BackendApplicationTests
18:10:07.989 [main] INFO org.springframework.test.context.support.AnnotationConfigContextLoaderUtils -- Could not detect default configuration classes for test class [com.resume.backend.BackendApplicationTests]: BackendApplicationTests does not declare any static, non-private, non-final, nested classes annotated with @Configuration.
18:10:07.993 [main] INFO org.springframework.boot.test.context.SpringBootTestContextBootstrapper -- Found @SpringBootConfiguration com.resume.backend.BackendApplication for test class com.resume.backend.BackendApplicationTests

  .   ____          _            __ _ _
 /\\ / ___'_ __ _ _(_)_ __  __ _ \ \ \ \
( ( )\___ | '_ | '_| | '_ \/ _` | \ \ \ \
 \\/  ___)| |_)| | | | | || (_| |  ) ) ) )
  '  |____| .__|_| |_|_| |_\__, | / / / /
 =========|_|==============|___/=/_/_/_/

 :: Spring Boot ::                (v4.0.6)

2026-05-09T18:10:08.530Z  INFO 12940 --- [backend] [           main] c.r.backend.BackendApplicationTests      : Starting BackendApplicationTests using Java 17.0.10 with PID 12940 (started by codespace in /workspaces/4900ResumeAnalysis/backend)
2026-05-09T18:10:08.535Z  INFO 12940 --- [backend] [           main] c.r.backend.BackendApplicationTests      : No active profile set, falling back to 1 default profile: "default"
2026-05-09T18:10:09.949Z  INFO 12940 --- [backend] [           main] c.r.backend.BackendApplicationTests      : Started BackendApplicationTests in 1.872 seconds (process running for 4.5)
]]></system-out>
  </testcase>
</testsuite>